<?xml version="1.0" encoding="UTF-8"?>
<testng-results ignored="0" total="1" passed="1" failed="0" skipped="0">
  <reporter-output>
  </reporter-output>
  <suite started-at="2024-03-16T15:41:23 IST" name="Default suite" finished-at="2024-03-16T15:41:35 IST" duration-ms="11974">
    <groups>
    </groups>
    <test started-at="2024-03-16T15:41:23 IST" name="Default test" finished-at="2024-03-16T15:41:35 IST" duration-ms="11974">
      <class name="flm14march.Checkboxes">
        <test-method is-config="true" signature="setup()[pri:0, instance:flm14march.Checkboxes@5149d738]" started-at="2024-03-16T15:41:23 IST" name="setup" finished-at="2024-03-16T15:41:33 IST" duration-ms="10811" status="PASS">
          <reporter-output>
          </reporter-output>
        </test-method> <!-- setup -->
        <test-method signature="checkBoxes()[pri:0, instance:flm14march.Checkboxes@5149d738]" started-at="2024-03-16T15:41:33 IST" name="checkBoxes" finished-at="2024-03-16T15:41:35 IST" duration-ms="1118" status="PASS">
          <reporter-output>
          </reporter-output>
        </test-method> <!-- checkBoxes -->
      </class> <!-- flm14march.Checkboxes -->
    </test> <!-- Default test -->
  </suite> <!-- Default suite -->
</testng-results>
